[INFO] Scanning for projects...
[INFO] 
[INFO] -------------------< com.autowash:autowash-backend >--------------------
[INFO] Building AutoWash Backend 0.0.1-SNAPSHOT
[INFO] --------------------------------[ jar ]---------------------------------
[INFO] 
[INFO] >>> spring-boot-maven-plugin:3.3.5:run (default-cli) > test-compile @ autowash-backend >>>
[INFO] 
[INFO] --- maven-resources-plugin:3.3.1:resources (default-resources) @ autowash-backend ---
[INFO] Copying 1 resource from src\main\resources to target\classes
[INFO] Copying 8 resources from src\main\resources to target\classes
[INFO] 
[INFO] --- maven-compiler-plugin:3.13.0:compile (default-compile) @ autowash-backend ---
[INFO] Recompiling the module because of changed source code.
[INFO] Compiling 297 source files with javac [debug parameters release 21] to target\classes
[INFO] 
[INFO] --- maven-resources-plugin:3.3.1:testResources (default-testResources) @ autowash-backend ---
[INFO] Copying 2 resources from src\test\resources to target\test-classes
[INFO] 
[INFO] --- maven-compiler-plugin:3.13.0:testCompile (default-testCompile) @ autowash-backend ---
[INFO] Recompiling the module because of changed dependency.
[INFO] Compiling 26 source files with javac [debug parameters release 21] to target\test-classes
[INFO] 
[INFO] <<< spring-boot-maven-plugin:3.3.5:run (default-cli) < test-compile @ autowash-backend <<<
[INFO] 
[INFO] 
[INFO] --- spring-boot-maven-plugin:3.3.5:run (default-cli) @ autowash-backend ---
[INFO] Attaching agents: []

  .   ____          _            __ _ _
 /\\ / ___'_ __ _ _(_)_ __  __ _ \ \ \ \
( ( )\___ | '_ | '_| | '_ \/ _` | \ \ \ \
 \\/  ___)| |_)| | | | | || (_| |  ) ) ) )
  '  |____| .__|_| |_|_| |_\__, | / / / /
 =========|_|==============|___/=/_/_/_/

 :: Spring Boot ::                (v3.3.5)

2026-06-29T13:36:49.890+07:00  INFO 12548 --- [autowash-backend] [           main] c.autowash.AutowashBackendApplication    : Starting AutowashBackendApplication using Java 21.0.10 with PID 12548 (D:\FPT\Semester5\SWP302\AutoCarWash_V2\Smart-Automated-Car-Wash-Management-System\autowash-backend\target\classes started by huygi in D:\FPT\Semester5\SWP302\AutoCarWash_V2\Smart-Automated-Car-Wash-Management-System\autowash-backend)
2026-06-29T13:36:49.891+07:00  INFO 12548 --- [autowash-backend] [           main] c.autowash.AutowashBackendApplication    : The following 1 profile is active: "local"
2026-06-29T13:36:50.321+07:00  INFO 12548 --- [autowash-backend] [           main] .s.d.r.c.RepositoryConfigurationDelegate : Bootstrapping Spring Data JPA repositories in DEFAULT mode.
2026-06-29T13:36:50.393+07:00  INFO 12548 --- [autowash-backend] [           main] .s.d.r.c.RepositoryConfigurationDelegate : Finished Spring Data repository scanning in 68 ms. Found 32 JPA repository interfaces.
2026-06-29T13:36:50.680+07:00  INFO 12548 --- [autowash-backend] [           main] o.s.b.w.embedded.tomcat.TomcatWebServer  : Tomcat initialized with port 8080 (http)
2026-06-29T13:36:50.687+07:00  INFO 12548 --- [autowash-backend] [           main] o.apache.catalina.core.StandardService   : Starting service [Tomcat]
2026-06-29T13:36:50.688+07:00  INFO 12548 --- [autowash-backend] [           main] o.apache.catalina.core.StandardEngine    : Starting Servlet engine: [Apache Tomcat/10.1.31]
2026-06-29T13:36:50.723+07:00  INFO 12548 --- [autowash-backend] [           main] o.a.c.c.C.[Tomcat].[localhost].[/]       : Initializing Spring embedded WebApplicationContext
2026-06-29T13:36:50.723+07:00  INFO 12548 --- [autowash-backend] [           main] w.s.c.ServletWebServerApplicationContext : Root WebApplicationContext: initialization completed in 810 ms
2026-06-29T13:36:50.833+07:00  INFO 12548 --- [autowash-backend] [           main] com.zaxxer.hikari.HikariDataSource       : AutoWashPostgresPool - Starting...
2026-06-29T13:36:51.000+07:00  INFO 12548 --- [autowash-backend] [           main] com.zaxxer.hikari.pool.HikariPool        : AutoWashPostgresPool - Added connection org.postgresql.jdbc.PgConnection@40c76f5a
2026-06-29T13:36:51.001+07:00  INFO 12548 --- [autowash-backend] [           main] com.zaxxer.hikari.HikariDataSource       : AutoWashPostgresPool - Start completed.
2026-06-29T13:36:51.015+07:00  INFO 12548 --- [autowash-backend] [           main] org.flywaydb.core.FlywayExecutor         : Database: jdbc:postgresql://localhost:5432/autowash (PostgreSQL 17.10)
2026-06-29T13:36:51.019+07:00  WARN 12548 --- [autowash-backend] [           main] o.f.c.internal.database.base.Database    : Flyway upgrade recommended: PostgreSQL 17.10 is newer than this version of Flyway and support has not been tested. The latest supported version of PostgreSQL is 16.
2026-06-29T13:36:51.032+07:00  INFO 12548 --- [autowash-backend] [           main] o.f.c.i.s.JdbcTableSchemaHistory         : Schema history table "public"."flyway_schema_history" does not exist yet
2026-06-29T13:36:51.034+07:00  INFO 12548 --- [autowash-backend] [           main] o.f.core.internal.command.DbValidate     : Successfully validated 6 migrations (execution time 00:00.009s)
2026-06-29T13:36:51.041+07:00  INFO 12548 --- [autowash-backend] [           main] o.f.c.i.s.JdbcTableSchemaHistory         : Creating Schema History table "public"."flyway_schema_history" ...
2026-06-29T13:36:51.221+07:00  INFO 12548 --- [autowash-backend] [           main] o.f.core.internal.command.DbMigrate      : Current version of schema "public": << Empty Schema >>
2026-06-29T13:36:51.240+07:00  INFO 12548 --- [autowash-backend] [           main] o.f.core.internal.command.DbMigrate      : Migrating schema "public" to version "1 - init schema"
2026-06-29T13:36:51.352+07:00  INFO 12548 --- [autowash-backend] [           main] o.f.core.internal.command.DbMigrate      : Migrating schema "public" to version "2 - add booking assigned staff index"
2026-06-29T13:36:51.357+07:00  INFO 12548 --- [autowash-backend] [           main] o.f.core.internal.command.DbMigrate      : Migrating schema "public" to version "3 - backend business rules"
2026-06-29T13:36:51.358+07:00  INFO 12548 --- [autowash-backend] [           main] o.f.c.i.s.DefaultSqlScriptExecutor       : DB: constraint "wash_sessions_booking_id_key" of relation "wash_sessions" does not exist, skipping
2026-06-29T13:36:51.358+07:00  WARN 12548 --- [autowash-backend] [           main] o.f.c.i.s.DefaultSqlScriptExecutor       : DB: column "cancelled_at" of relation "wash_sessions" already exists, skipping (SQL State: 42701 - Error Code: 0)
2026-06-29T13:36:51.360+07:00  WARN 12548 --- [autowash-backend] [           main] o.f.c.i.s.DefaultSqlScriptExecutor       : DB: column "cancel_reason" of relation "wash_sessions" already exists, skipping (SQL State: 42701 - Error Code: 0)
2026-06-29T13:36:51.360+07:00  WARN 12548 --- [autowash-backend] [           main] o.f.c.i.s.DefaultSqlScriptExecutor       : DB: relation "uk_bookings_customer_voucher" already exists, skipping (SQL State: 42P07 - Error Code: 0)
2026-06-29T13:36:51.364+07:00  INFO 12548 --- [autowash-backend] [           main] o.f.core.internal.command.DbMigrate      : Migrating schema "public" to version "4 - add system settings"
2026-06-29T13:36:51.370+07:00  INFO 12548 --- [autowash-backend] [           main] o.f.core.internal.command.DbMigrate      : Migrating schema "public" to version "5 - add blog and reviews"
2026-06-29T13:36:51.386+07:00  INFO 12548 --- [autowash-backend] [           main] o.f.core.internal.command.DbMigrate      : Migrating schema "public" to version "6 - align legacy packages schema"
2026-06-29T13:36:51.386+07:00  WARN 12548 --- [autowash-backend] [           main] o.f.c.i.s.DefaultSqlScriptExecutor       : DB: column "created_at" of relation "packages" already exists, skipping (SQL State: 42701 - Error Code: 0)
2026-06-29T13:36:51.388+07:00  WARN 12548 --- [autowash-backend] [           main] o.f.c.i.s.DefaultSqlScriptExecutor       : DB: column "updated_at" of relation "packages" already exists, skipping (SQL State: 42701 - Error Code: 0)
2026-06-29T13:36:51.392+07:00  INFO 12548 --- [autowash-backend] [           main] o.f.core.internal.command.DbMigrate      : Successfully applied 6 migrations to schema "public", now at version v6 (execution time 00:00.126s)
2026-06-29T13:36:51.432+07:00  INFO 12548 --- [autowash-backend] [           main] o.hibernate.jpa.internal.util.LogHelper  : HHH000204: Processing PersistenceUnitInfo [name: default]
2026-06-29T13:36:51.455+07:00  INFO 12548 --- [autowash-backend] [           main] org.hibernate.Version                    : HHH000412: Hibernate ORM core version 6.5.3.Final
2026-06-29T13:36:51.477+07:00  INFO 12548 --- [autowash-backend] [           main] o.h.c.internal.RegionFactoryInitiator    : HHH000026: Second-level cache disabled
2026-06-29T13:36:51.599+07:00  INFO 12548 --- [autowash-backend] [           main] o.s.o.j.p.SpringPersistenceUnitInfo      : No LoadTimeWeaver setup: ignoring JPA class transformer
2026-06-29T13:36:51.612+07:00  WARN 12548 --- [autowash-backend] [           main] org.hibernate.orm.deprecation            : HHH90000025: PostgreSQLDialect does not need to be specified explicitly using 'hibernate.dialect' (remove the property setting and it will be selected by default)
2026-06-29T13:36:51.844+07:00  WARN 12548 --- [autowash-backend] [           main] org.hibernate.mapping.RootClass          : HHH000038: Composite-id class does not override equals(): com.autowash.entity.BookingOption$BookingOptionId
2026-06-29T13:36:51.844+07:00  WARN 12548 --- [autowash-backend] [           main] org.hibernate.mapping.RootClass          : HHH000039: Composite-id class does not override hashCode(): com.autowash.entity.BookingOption$BookingOptionId
2026-06-29T13:36:51.845+07:00  WARN 12548 --- [autowash-backend] [           main] org.hibernate.mapping.RootClass          : HHH000038: Composite-id class does not override equals(): com.autowash.entity.VoucherTier$VoucherTierId
2026-06-29T13:36:51.845+07:00  WARN 12548 --- [autowash-backend] [           main] org.hibernate.mapping.RootClass          : HHH000039: Composite-id class does not override hashCode(): com.autowash.entity.VoucherTier$VoucherTierId
2026-06-29T13:36:51.845+07:00  WARN 12548 --- [autowash-backend] [           main] org.hibernate.mapping.RootClass          : HHH000038: Composite-id class does not override equals(): com.autowash.entity.PromotionTier$PromotionTierId
2026-06-29T13:36:51.845+07:00  WARN 12548 --- [autowash-backend] [           main] org.hibernate.mapping.RootClass          : HHH000039: Composite-id class does not override hashCode(): com.autowash.entity.PromotionTier$PromotionTierId
2026-06-29T13:36:51.845+07:00  WARN 12548 --- [autowash-backend] [           main] org.hibernate.mapping.RootClass          : HHH000038: Composite-id class does not override equals(): com.autowash.entity.ComboService$ComboServiceId
2026-06-29T13:36:51.845+07:00  WARN 12548 --- [autowash-backend] [           main] org.hibernate.mapping.RootClass          : HHH000039: Composite-id class does not override hashCode(): com.autowash.entity.ComboService$ComboServiceId
2026-06-29T13:36:51.845+07:00  WARN 12548 --- [autowash-backend] [           main] org.hibernate.mapping.RootClass          : HHH000038: Composite-id class does not override equals(): com.autowash.entity.PackageService$PackageServiceId
2026-06-29T13:36:51.846+07:00  WARN 12548 --- [autowash-backend] [           main] org.hibernate.mapping.RootClass          : HHH000039: Composite-id class does not override hashCode(): com.autowash.entity.PackageService$PackageServiceId
2026-06-29T13:36:51.846+07:00  WARN 12548 --- [autowash-backend] [           main] org.hibernate.mapping.RootClass          : HHH000038: Composite-id class does not override equals(): com.autowash.entity.BookingPromotion$BookingPromotionId
2026-06-29T13:36:51.846+07:00  WARN 12548 --- [autowash-backend] [           main] org.hibernate.mapping.RootClass          : HHH000039: Composite-id class does not override hashCode(): com.autowash.entity.BookingPromotion$BookingPromotionId
2026-06-29T13:36:52.280+07:00  INFO 12548 --- [autowash-backend] [           main] o.h.e.t.j.p.i.JtaPlatformInitiator       : HHH000489: No JTA platform available (set 'hibernate.transaction.jta.platform' to enable JTA platform integration)
2026-06-29T13:36:52.318+07:00  INFO 12548 --- [autowash-backend] [           main] j.LocalContainerEntityManagerFactoryBean : Initialized JPA EntityManagerFactory for persistence unit 'default'
2026-06-29T13:36:52.457+07:00  INFO 12548 --- [autowash-backend] [           main] o.s.d.j.r.query.QueryEnhancerFactory     : Hibernate is in classpath; If applicable, HQL parser will be used.
2026-06-29T13:36:52.781+07:00  INFO 12548 --- [autowash-backend] [           main] org.flywaydb.core.FlywayExecutor         : Database: jdbc:postgresql://localhost:5432/autowash (PostgreSQL 17.10)
2026-06-29T13:36:52.782+07:00  WARN 12548 --- [autowash-backend] [           main] o.f.c.internal.database.base.Database    : Flyway upgrade recommended: PostgreSQL 17.10 is newer than this version of Flyway and support has not been tested. The latest supported version of PostgreSQL is 16.
2026-06-29T13:36:52.783+07:00  INFO 12548 --- [autowash-backend] [           main] o.f.c.i.s.JdbcTableSchemaHistory         : Schema history table "public"."flyway_demo_history" does not exist yet
2026-06-29T13:36:52.784+07:00  INFO 12548 --- [autowash-backend] [           main] o.f.core.internal.command.DbValidate     : Successfully validated 2 migrations (execution time 00:00.001s)
2026-06-29T13:36:52.786+07:00  INFO 12548 --- [autowash-backend] [           main] o.f.c.i.s.JdbcTableSchemaHistory         : Creating Schema History table "public"."flyway_demo_history" with baseline ...
2026-06-29T13:36:52.795+07:00  INFO 12548 --- [autowash-backend] [           main] o.f.core.internal.command.DbBaseline     : Successfully baselined schema with version: 0
2026-06-29T13:36:52.798+07:00  INFO 12548 --- [autowash-backend] [           main] o.f.core.internal.command.DbMigrate      : Current version of schema "public": 0
2026-06-29T13:36:52.798+07:00  WARN 12548 --- [autowash-backend] [           main] o.f.core.internal.command.DbMigrate      : outOfOrder mode is active. Migration of schema "public" may not be reproducible.
2026-06-29T13:36:52.800+07:00  INFO 12548 --- [autowash-backend] [           main] o.f.core.internal.command.DbMigrate      : Migrating schema "public" to version "1 - add demo data"
2026-06-29T13:36:52.997+07:00  INFO 12548 --- [autowash-backend] [           main] o.f.core.internal.command.DbMigrate      : Migrating schema "public" to version "2 - add promotions notifications"
2026-06-29T13:36:53.001+07:00  INFO 12548 --- [autowash-backend] [           main] o.f.core.internal.command.DbMigrate      : Successfully applied 2 migrations to schema "public", now at version v2 (execution time 00:00.196s)
2026-06-29T13:36:53.747+07:00  INFO 12548 --- [autowash-backend] [           main] r$InitializeUserDetailsManagerConfigurer : Global AuthenticationManager configured with UserDetailsService bean with name authUserDetailsService
2026-06-29T13:36:54.049+07:00  INFO 12548 --- [autowash-backend] [           main] o.s.b.w.embedded.tomcat.TomcatWebServer  : Tomcat started on port 8080 (http) with context path '/'
2026-06-29T13:36:54.056+07:00  INFO 12548 --- [autowash-backend] [           main] c.autowash.AutowashBackendApplication    : Started AutowashBackendApplication in 4.334 seconds (process running for 4.509)
2026-06-29T13:37:11.068+07:00  INFO 12548 --- [autowash-backend] [nio-8080-exec-1] o.a.c.c.C.[Tomcat].[localhost].[/]       : Initializing Spring DispatcherServlet 'dispatcherServlet'
2026-06-29T13:37:11.068+07:00  INFO 12548 --- [autowash-backend] [nio-8080-exec-1] o.s.web.servlet.DispatcherServlet        : Initializing Servlet 'dispatcherServlet'
2026-06-29T13:37:11.069+07:00  INFO 12548 --- [autowash-backend] [nio-8080-exec-1] o.s.web.servlet.DispatcherServlet        : Completed initialization in 1 ms
2026-06-29T13:45:23.671+07:00  INFO 12548 --- [autowash-backend] [nio-8080-exec-1] o.springdoc.api.AbstractOpenApiResource  : Init duration for springdoc-openapi is: 504 ms
2026-06-29T18:01:25.470+07:00  WARN 12548 --- [autowash-backend] [ool housekeeper] com.zaxxer.hikari.pool.HikariPool        : AutoWashPostgresPool - Thread starvation or clock leap detected (housekeeper delta=36m32s737ms786µs500ns).
