[INFO] Scanning for projects...
[INFO] 
[INFO] -------------------< com.autowash:autowash-backend >--------------------
[INFO] Building AutoWash Backend 0.0.1-SNAPSHOT
[INFO] --------------------------------[ jar ]---------------------------------
[INFO] 
[INFO] >>> spring-boot-maven-plugin:3.3.5:run (default-cli) > test-compile @ autowash-backend >>>
[INFO] 
[INFO] --- maven-resources-plugin:3.3.1:resources (default-resources) @ autowash-backend ---
[INFO] Copying 1 resource from src\main\resources to target\classes
[INFO] Copying 8 resources from src\main\resources to target\classes
[INFO] 
[INFO] --- maven-compiler-plugin:3.13.0:compile (default-compile) @ autowash-backend ---
[INFO] Nothing to compile - all classes are up to date.
[INFO] 
[INFO] --- maven-resources-plugin:3.3.1:testResources (default-testResources) @ autowash-backend ---
[INFO] Copying 2 resources from src\test\resources to target\test-classes
[INFO] 
[INFO] --- maven-compiler-plugin:3.13.0:testCompile (default-testCompile) @ autowash-backend ---
[INFO] Nothing to compile - all classes are up to date.
[INFO] 
[INFO] <<< spring-boot-maven-plugin:3.3.5:run (default-cli) < test-compile @ autowash-backend <<<
[INFO] 
[INFO] 
[INFO] --- spring-boot-maven-plugin:3.3.5:run (default-cli) @ autowash-backend ---
[INFO] Attaching agents: []

  .   ____          _            __ _ _
 /\\ / ___'_ __ _ _(_)_ __  __ _ \ \ \ \
( ( )\___ | '_ | '_| | '_ \/ _` | \ \ \ \
 \\/  ___)| |_)| | | | | || (_| |  ) ) ) )
  '  |____| .__|_| |_|_| |_\__, | / / / /
 =========|_|==============|___/=/_/_/_/

 :: Spring Boot ::                (v3.3.5)

2026-06-29T13:29:50.365+07:00  INFO 28100 --- [autowash-backend] [           main] c.autowash.AutowashBackendApplication    : Starting AutowashBackendApplication using Java 21.0.10 with PID 28100 (D:\FPT\Semester5\SWP302\AutoCarWash_V2\Smart-Automated-Car-Wash-Management-System\autowash-backend\target\classes started by huygi in D:\FPT\Semester5\SWP302\AutoCarWash_V2\Smart-Automated-Car-Wash-Management-System\autowash-backend)
2026-06-29T13:29:50.366+07:00  INFO 28100 --- [autowash-backend] [           main] c.autowash.AutowashBackendApplication    : The following 1 profile is active: "local"
2026-06-29T13:29:50.803+07:00  INFO 28100 --- [autowash-backend] [           main] .s.d.r.c.RepositoryConfigurationDelegate : Bootstrapping Spring Data JPA repositories in DEFAULT mode.
2026-06-29T13:29:50.877+07:00  INFO 28100 --- [autowash-backend] [           main] .s.d.r.c.RepositoryConfigurationDelegate : Finished Spring Data repository scanning in 70 ms. Found 32 JPA repository interfaces.
2026-06-29T13:29:51.171+07:00  INFO 28100 --- [autowash-backend] [           main] o.s.b.w.embedded.tomcat.TomcatWebServer  : Tomcat initialized with port 8080 (http)
2026-06-29T13:29:51.180+07:00  INFO 28100 --- [autowash-backend] [           main] o.apache.catalina.core.StandardService   : Starting service [Tomcat]
2026-06-29T13:29:51.181+07:00  INFO 28100 --- [autowash-backend] [           main] o.apache.catalina.core.StandardEngine    : Starting Servlet engine: [Apache Tomcat/10.1.31]
2026-06-29T13:29:51.215+07:00  INFO 28100 --- [autowash-backend] [           main] o.a.c.c.C.[Tomcat].[localhost].[/]       : Initializing Spring embedded WebApplicationContext
2026-06-29T13:29:51.216+07:00  INFO 28100 --- [autowash-backend] [           main] w.s.c.ServletWebServerApplicationContext : Root WebApplicationContext: initialization completed in 828 ms
2026-06-29T13:29:51.319+07:00  INFO 28100 --- [autowash-backend] [           main] com.zaxxer.hikari.HikariDataSource       : AutoWashPostgresPool - Starting...
2026-06-29T13:29:51.400+07:00  INFO 28100 --- [autowash-backend] [           main] com.zaxxer.hikari.pool.HikariPool        : AutoWashPostgresPool - Added connection org.postgresql.jdbc.PgConnection@43e3a390
2026-06-29T13:29:51.402+07:00  INFO 28100 --- [autowash-backend] [           main] com.zaxxer.hikari.HikariDataSource       : AutoWashPostgresPool - Start completed.
2026-06-29T13:29:51.415+07:00  INFO 28100 --- [autowash-backend] [           main] org.flywaydb.core.FlywayExecutor         : Database: jdbc:postgresql://localhost:5432/autowash (PostgreSQL 17.10)
2026-06-29T13:29:51.418+07:00  WARN 28100 --- [autowash-backend] [           main] o.f.c.internal.database.base.Database    : Flyway upgrade recommended: PostgreSQL 17.10 is newer than this version of Flyway and support has not been tested. The latest supported version of PostgreSQL is 16.
2026-06-29T13:29:51.437+07:00  INFO 28100 --- [autowash-backend] [           main] o.f.core.internal.command.DbValidate     : Successfully validated 7 migrations (execution time 00:00.013s)
2026-06-29T13:29:51.489+07:00  INFO 28100 --- [autowash-backend] [           main] o.f.core.internal.command.DbMigrate      : Current version of schema "public": 6
2026-06-29T13:29:51.490+07:00  INFO 28100 --- [autowash-backend] [           main] o.f.core.internal.command.DbMigrate      : Schema "public" is up to date. No migration necessary.
2026-06-29T13:29:51.537+07:00  INFO 28100 --- [autowash-backend] [           main] o.hibernate.jpa.internal.util.LogHelper  : HHH000204: Processing PersistenceUnitInfo [name: default]
2026-06-29T13:29:51.558+07:00  INFO 28100 --- [autowash-backend] [           main] org.hibernate.Version                    : HHH000412: Hibernate ORM core version 6.5.3.Final
2026-06-29T13:29:51.571+07:00  INFO 28100 --- [autowash-backend] [           main] o.h.c.internal.RegionFactoryInitiator    : HHH000026: Second-level cache disabled
2026-06-29T13:29:51.695+07:00  INFO 28100 --- [autowash-backend] [           main] o.s.o.j.p.SpringPersistenceUnitInfo      : No LoadTimeWeaver setup: ignoring JPA class transformer
2026-06-29T13:29:51.708+07:00  WARN 28100 --- [autowash-backend] [           main] org.hibernate.orm.deprecation            : HHH90000025: PostgreSQLDialect does not need to be specified explicitly using 'hibernate.dialect' (remove the property setting and it will be selected by default)
2026-06-29T13:29:51.934+07:00  WARN 28100 --- [autowash-backend] [           main] org.hibernate.mapping.RootClass          : HHH000038: Composite-id class does not override equals(): com.autowash.entity.BookingOption$BookingOptionId
2026-06-29T13:29:51.934+07:00  WARN 28100 --- [autowash-backend] [           main] org.hibernate.mapping.RootClass          : HHH000039: Composite-id class does not override hashCode(): com.autowash.entity.BookingOption$BookingOptionId
2026-06-29T13:29:51.934+07:00  WARN 28100 --- [autowash-backend] [           main] org.hibernate.mapping.RootClass          : HHH000038: Composite-id class does not override equals(): com.autowash.entity.VoucherTier$VoucherTierId
2026-06-29T13:29:51.935+07:00  WARN 28100 --- [autowash-backend] [           main] org.hibernate.mapping.RootClass          : HHH000039: Composite-id class does not override hashCode(): com.autowash.entity.VoucherTier$VoucherTierId
2026-06-29T13:29:51.935+07:00  WARN 28100 --- [autowash-backend] [           main] org.hibernate.mapping.RootClass          : HHH000038: Composite-id class does not override equals(): com.autowash.entity.PromotionTier$PromotionTierId
2026-06-29T13:29:51.935+07:00  WARN 28100 --- [autowash-backend] [           main] org.hibernate.mapping.RootClass          : HHH000039: Composite-id class does not override hashCode(): com.autowash.entity.PromotionTier$PromotionTierId
2026-06-29T13:29:51.935+07:00  WARN 28100 --- [autowash-backend] [           main] org.hibernate.mapping.RootClass          : HHH000038: Composite-id class does not override equals(): com.autowash.entity.ComboService$ComboServiceId
2026-06-29T13:29:51.935+07:00  WARN 28100 --- [autowash-backend] [           main] org.hibernate.mapping.RootClass          : HHH000039: Composite-id class does not override hashCode(): com.autowash.entity.ComboService$ComboServiceId
2026-06-29T13:29:51.935+07:00  WARN 28100 --- [autowash-backend] [           main] org.hibernate.mapping.RootClass          : HHH000038: Composite-id class does not override equals(): com.autowash.entity.PackageService$PackageServiceId
2026-06-29T13:29:51.936+07:00  WARN 28100 --- [autowash-backend] [           main] org.hibernate.mapping.RootClass          : HHH000039: Composite-id class does not override hashCode(): com.autowash.entity.PackageService$PackageServiceId
2026-06-29T13:29:51.936+07:00  WARN 28100 --- [autowash-backend] [           main] org.hibernate.mapping.RootClass          : HHH000038: Composite-id class does not override equals(): com.autowash.entity.BookingPromotion$BookingPromotionId
2026-06-29T13:29:51.936+07:00  WARN 28100 --- [autowash-backend] [           main] org.hibernate.mapping.RootClass          : HHH000039: Composite-id class does not override hashCode(): com.autowash.entity.BookingPromotion$BookingPromotionId
2026-06-29T13:29:52.370+07:00  INFO 28100 --- [autowash-backend] [           main] o.h.e.t.j.p.i.JtaPlatformInitiator       : HHH000489: No JTA platform available (set 'hibernate.transaction.jta.platform' to enable JTA platform integration)
2026-06-29T13:29:52.410+07:00  INFO 28100 --- [autowash-backend] [           main] j.LocalContainerEntityManagerFactoryBean : Initialized JPA EntityManagerFactory for persistence unit 'default'
2026-06-29T13:29:52.543+07:00  INFO 28100 --- [autowash-backend] [           main] o.s.d.j.r.query.QueryEnhancerFactory     : Hibernate is in classpath; If applicable, HQL parser will be used.
2026-06-29T13:29:52.862+07:00  INFO 28100 --- [autowash-backend] [           main] org.flywaydb.core.FlywayExecutor         : Database: jdbc:postgresql://localhost:5432/autowash (PostgreSQL 17.10)
2026-06-29T13:29:52.864+07:00  WARN 28100 --- [autowash-backend] [           main] o.f.c.internal.database.base.Database    : Flyway upgrade recommended: PostgreSQL 17.10 is newer than this version of Flyway and support has not been tested. The latest supported version of PostgreSQL is 16.
2026-06-29T13:29:52.867+07:00  INFO 28100 --- [autowash-backend] [           main] o.f.core.internal.command.DbValidate     : Successfully validated 3 migrations (execution time 00:00.002s)
2026-06-29T13:29:52.869+07:00  INFO 28100 --- [autowash-backend] [           main] o.f.core.internal.command.DbMigrate      : Current version of schema "public": 1
2026-06-29T13:29:52.869+07:00  WARN 28100 --- [autowash-backend] [           main] o.f.core.internal.command.DbMigrate      : outOfOrder mode is active. Migration of schema "public" may not be reproducible.
2026-06-29T13:29:52.876+07:00  INFO 28100 --- [autowash-backend] [           main] o.f.core.internal.command.DbMigrate      : Migrating schema "public" to version "2 - add promotions notifications"
2026-06-29T13:29:52.887+07:00  INFO 28100 --- [autowash-backend] [           main] o.f.core.internal.command.DbMigrate      : Successfully applied 1 migration to schema "public", now at version v2 (execution time 00:00.007s)
2026-06-29T13:29:53.634+07:00  INFO 28100 --- [autowash-backend] [           main] r$InitializeUserDetailsManagerConfigurer : Global AuthenticationManager configured with UserDetailsService bean with name authUserDetailsService
2026-06-29T13:29:53.935+07:00  INFO 28100 --- [autowash-backend] [           main] o.s.b.w.embedded.tomcat.TomcatWebServer  : Tomcat started on port 8080 (http) with context path '/'
2026-06-29T13:29:53.941+07:00  INFO 28100 --- [autowash-backend] [           main] c.autowash.AutowashBackendApplication    : Started AutowashBackendApplication in 3.746 seconds (process running for 3.91)
2026-06-29T13:30:13.326+07:00  INFO 28100 --- [autowash-backend] [nio-8080-exec-1] o.a.c.c.C.[Tomcat].[localhost].[/]       : Initializing Spring DispatcherServlet 'dispatcherServlet'
2026-06-29T13:30:13.326+07:00  INFO 28100 --- [autowash-backend] [nio-8080-exec-1] o.s.web.servlet.DispatcherServlet        : Initializing Servlet 'dispatcherServlet'
2026-06-29T13:30:13.327+07:00  INFO 28100 --- [autowash-backend] [nio-8080-exec-1] o.s.web.servlet.DispatcherServlet        : Completed initialization in 1 ms
2026-06-29T13:30:57.418+07:00  INFO 28100 --- [autowash-backend] [nio-8080-exec-7] o.springdoc.api.AbstractOpenApiResource  : Init duration for springdoc-openapi is: 536 ms
