[INFO] Scanning for projects...
[INFO] 
[INFO] -------------------< com.autowash:autowash-backend >--------------------
[INFO] Building AutoWash Backend 0.0.1-SNAPSHOT
[INFO] --------------------------------[ jar ]---------------------------------
[INFO] 
[INFO] >>> spring-boot-maven-plugin:3.3.5:run (default-cli) > test-compile @ autowash-backend >>>
[INFO] 
[INFO] --- maven-resources-plugin:3.3.1:resources (default-resources) @ autowash-backend ---
[INFO] Copying 1 resource from src\main\resources to target\classes
[INFO] Copying 8 resources from src\main\resources to target\classes
[INFO] 
[INFO] --- maven-compiler-plugin:3.13.0:compile (default-compile) @ autowash-backend ---
[INFO] Nothing to compile - all classes are up to date.
[INFO] 
[INFO] --- maven-resources-plugin:3.3.1:testResources (default-testResources) @ autowash-backend ---
[INFO] Copying 2 resources from src\test\resources to target\test-classes
[INFO] 
[INFO] --- maven-compiler-plugin:3.13.0:testCompile (default-testCompile) @ autowash-backend ---
[INFO] Nothing to compile - all classes are up to date.
[INFO] 
[INFO] <<< spring-boot-maven-plugin:3.3.5:run (default-cli) < test-compile @ autowash-backend <<<
[INFO] 
[INFO] 
[INFO] --- spring-boot-maven-plugin:3.3.5:run (default-cli) @ autowash-backend ---
[INFO] Attaching agents: []

  .   ____          _            __ _ _
 /\\ / ___'_ __ _ _(_)_ __  __ _ \ \ \ \
( ( )\___ | '_ | '_| | '_ \/ _` | \ \ \ \
 \\/  ___)| |_)| | | | | || (_| |  ) ) ) )
  '  |____| .__|_| |_|_| |_\__, | / / / /
 =========|_|==============|___/=/_/_/_/

 :: Spring Boot ::                (v3.3.5)

2026-06-29T13:33:19.753+07:00  INFO 22432 --- [autowash-backend] [           main] c.autowash.AutowashBackendApplication    : Starting AutowashBackendApplication using Java 21.0.10 with PID 22432 (D:\FPT\Semester5\SWP302\AutoCarWash_V2\Smart-Automated-Car-Wash-Management-System\autowash-backend\target\classes started by huygi in D:\FPT\Semester5\SWP302\AutoCarWash_V2\Smart-Automated-Car-Wash-Management-System\autowash-backend)
2026-06-29T13:33:19.754+07:00  INFO 22432 --- [autowash-backend] [           main] c.autowash.AutowashBackendApplication    : The following 1 profile is active: "local"
2026-06-29T13:33:20.196+07:00  INFO 22432 --- [autowash-backend] [           main] .s.d.r.c.RepositoryConfigurationDelegate : Bootstrapping Spring Data JPA repositories in DEFAULT mode.
2026-06-29T13:33:20.272+07:00  INFO 22432 --- [autowash-backend] [           main] .s.d.r.c.RepositoryConfigurationDelegate : Finished Spring Data repository scanning in 71 ms. Found 32 JPA repository interfaces.
2026-06-29T13:33:20.575+07:00  INFO 22432 --- [autowash-backend] [           main] o.s.b.w.embedded.tomcat.TomcatWebServer  : Tomcat initialized with port 8080 (http)
2026-06-29T13:33:20.584+07:00  INFO 22432 --- [autowash-backend] [           main] o.apache.catalina.core.StandardService   : Starting service [Tomcat]
2026-06-29T13:33:20.584+07:00  INFO 22432 --- [autowash-backend] [           main] o.apache.catalina.core.StandardEngine    : Starting Servlet engine: [Apache Tomcat/10.1.31]
2026-06-29T13:33:20.622+07:00  INFO 22432 --- [autowash-backend] [           main] o.a.c.c.C.[Tomcat].[localhost].[/]       : Initializing Spring embedded WebApplicationContext
2026-06-29T13:33:20.622+07:00  INFO 22432 --- [autowash-backend] [           main] w.s.c.ServletWebServerApplicationContext : Root WebApplicationContext: initialization completed in 845 ms
2026-06-29T13:33:20.744+07:00  INFO 22432 --- [autowash-backend] [           main] com.zaxxer.hikari.HikariDataSource       : AutoWashPostgresPool - Starting...
2026-06-29T13:33:20.831+07:00  INFO 22432 --- [autowash-backend] [           main] com.zaxxer.hikari.pool.HikariPool        : AutoWashPostgresPool - Added connection org.postgresql.jdbc.PgConnection@43e3a390
2026-06-29T13:33:20.832+07:00  INFO 22432 --- [autowash-backend] [           main] com.zaxxer.hikari.HikariDataSource       : AutoWashPostgresPool - Start completed.
2026-06-29T13:33:20.847+07:00  INFO 22432 --- [autowash-backend] [           main] org.flywaydb.core.FlywayExecutor         : Database: jdbc:postgresql://localhost:5432/autowash (PostgreSQL 17.10)
2026-06-29T13:33:20.852+07:00  WARN 22432 --- [autowash-backend] [           main] o.f.c.internal.database.base.Database    : Flyway upgrade recommended: PostgreSQL 17.10 is newer than this version of Flyway and support has not been tested. The latest supported version of PostgreSQL is 16.
2026-06-29T13:33:20.865+07:00  INFO 22432 --- [autowash-backend] [           main] o.f.c.i.s.JdbcTableSchemaHistory         : Schema history table "public"."flyway_schema_history" does not exist yet
2026-06-29T13:33:20.868+07:00  INFO 22432 --- [autowash-backend] [           main] o.f.core.internal.command.DbValidate     : Successfully validated 6 migrations (execution time 00:00.009s)
2026-06-29T13:33:20.878+07:00  INFO 22432 --- [autowash-backend] [           main] o.f.c.i.s.JdbcTableSchemaHistory         : Creating Schema History table "public"."flyway_schema_history" ...
2026-06-29T13:33:20.996+07:00  INFO 22432 --- [autowash-backend] [           main] o.f.core.internal.command.DbMigrate      : Current version of schema "public": << Empty Schema >>
2026-06-29T13:33:21.008+07:00  INFO 22432 --- [autowash-backend] [           main] o.f.core.internal.command.DbMigrate      : Migrating schema "public" to version "1 - init schema"
2026-06-29T13:33:21.140+07:00  INFO 22432 --- [autowash-backend] [           main] o.f.core.internal.command.DbMigrate      : Migrating schema "public" to version "2 - add booking assigned staff index"
2026-06-29T13:33:21.144+07:00  INFO 22432 --- [autowash-backend] [           main] o.f.core.internal.command.DbMigrate      : Migrating schema "public" to version "3 - backend business rules"
2026-06-29T13:33:21.146+07:00  INFO 22432 --- [autowash-backend] [           main] o.f.c.i.s.DefaultSqlScriptExecutor       : DB: constraint "wash_sessions_booking_id_key" of relation "wash_sessions" does not exist, skipping
2026-06-29T13:33:21.147+07:00  WARN 22432 --- [autowash-backend] [           main] o.f.c.i.s.DefaultSqlScriptExecutor       : DB: column "cancelled_at" of relation "wash_sessions" already exists, skipping (SQL State: 42701 - Error Code: 0)
2026-06-29T13:33:21.147+07:00  WARN 22432 --- [autowash-backend] [           main] o.f.c.i.s.DefaultSqlScriptExecutor       : DB: column "cancel_reason" of relation "wash_sessions" already exists, skipping (SQL State: 42701 - Error Code: 0)
2026-06-29T13:33:21.147+07:00  WARN 22432 --- [autowash-backend] [           main] o.f.c.i.s.DefaultSqlScriptExecutor       : DB: relation "uk_bookings_customer_voucher" already exists, skipping (SQL State: 42P07 - Error Code: 0)
2026-06-29T13:33:21.151+07:00  INFO 22432 --- [autowash-backend] [           main] o.f.core.internal.command.DbMigrate      : Migrating schema "public" to version "4 - add system settings"
2026-06-29T13:33:21.158+07:00  INFO 22432 --- [autowash-backend] [           main] o.f.core.internal.command.DbMigrate      : Migrating schema "public" to version "5 - add blog and reviews"
2026-06-29T13:33:21.173+07:00  INFO 22432 --- [autowash-backend] [           main] o.f.core.internal.command.DbMigrate      : Migrating schema "public" to version "6 - align legacy packages schema"
2026-06-29T13:33:21.174+07:00  WARN 22432 --- [autowash-backend] [           main] o.f.c.i.s.DefaultSqlScriptExecutor       : DB: column "created_at" of relation "packages" already exists, skipping (SQL State: 42701 - Error Code: 0)
2026-06-29T13:33:21.175+07:00  WARN 22432 --- [autowash-backend] [           main] o.f.c.i.s.DefaultSqlScriptExecutor       : DB: column "updated_at" of relation "packages" already exists, skipping (SQL State: 42701 - Error Code: 0)
2026-06-29T13:33:21.178+07:00  INFO 22432 --- [autowash-backend] [           main] o.f.core.internal.command.DbMigrate      : Successfully applied 6 migrations to schema "public", now at version v6 (execution time 00:00.145s)
2026-06-29T13:33:21.218+07:00  INFO 22432 --- [autowash-backend] [           main] o.hibernate.jpa.internal.util.LogHelper  : HHH000204: Processing PersistenceUnitInfo [name: default]
2026-06-29T13:33:21.242+07:00  INFO 22432 --- [autowash-backend] [           main] org.hibernate.Version                    : HHH000412: Hibernate ORM core version 6.5.3.Final
2026-06-29T13:33:21.263+07:00  INFO 22432 --- [autowash-backend] [           main] o.h.c.internal.RegionFactoryInitiator    : HHH000026: Second-level cache disabled
2026-06-29T13:33:21.385+07:00  INFO 22432 --- [autowash-backend] [           main] o.s.o.j.p.SpringPersistenceUnitInfo      : No LoadTimeWeaver setup: ignoring JPA class transformer
2026-06-29T13:33:21.399+07:00  WARN 22432 --- [autowash-backend] [           main] org.hibernate.orm.deprecation            : HHH90000025: PostgreSQLDialect does not need to be specified explicitly using 'hibernate.dialect' (remove the property setting and it will be selected by default)
2026-06-29T13:33:21.630+07:00  WARN 22432 --- [autowash-backend] [           main] org.hibernate.mapping.RootClass          : HHH000038: Composite-id class does not override equals(): com.autowash.entity.BookingOption$BookingOptionId
2026-06-29T13:33:21.631+07:00  WARN 22432 --- [autowash-backend] [           main] org.hibernate.mapping.RootClass          : HHH000039: Composite-id class does not override hashCode(): com.autowash.entity.BookingOption$BookingOptionId
2026-06-29T13:33:21.631+07:00  WARN 22432 --- [autowash-backend] [           main] org.hibernate.mapping.RootClass          : HHH000038: Composite-id class does not override equals(): com.autowash.entity.VoucherTier$VoucherTierId
2026-06-29T13:33:21.631+07:00  WARN 22432 --- [autowash-backend] [           main] org.hibernate.mapping.RootClass          : HHH000039: Composite-id class does not override hashCode(): com.autowash.entity.VoucherTier$VoucherTierId
2026-06-29T13:33:21.631+07:00  WARN 22432 --- [autowash-backend] [           main] org.hibernate.mapping.RootClass          : HHH000038: Composite-id class does not override equals(): com.autowash.entity.PromotionTier$PromotionTierId
2026-06-29T13:33:21.631+07:00  WARN 22432 --- [autowash-backend] [           main] org.hibernate.mapping.RootClass          : HHH000039: Composite-id class does not override hashCode(): com.autowash.entity.PromotionTier$PromotionTierId
2026-06-29T13:33:21.631+07:00  WARN 22432 --- [autowash-backend] [           main] org.hibernate.mapping.RootClass          : HHH000038: Composite-id class does not override equals(): com.autowash.entity.ComboService$ComboServiceId
2026-06-29T13:33:21.631+07:00  WARN 22432 --- [autowash-backend] [           main] org.hibernate.mapping.RootClass          : HHH000039: Composite-id class does not override hashCode(): com.autowash.entity.ComboService$ComboServiceId
2026-06-29T13:33:21.632+07:00  WARN 22432 --- [autowash-backend] [           main] org.hibernate.mapping.RootClass          : HHH000038: Composite-id class does not override equals(): com.autowash.entity.PackageService$PackageServiceId
2026-06-29T13:33:21.632+07:00  WARN 22432 --- [autowash-backend] [           main] org.hibernate.mapping.RootClass          : HHH000039: Composite-id class does not override hashCode(): com.autowash.entity.PackageService$PackageServiceId
2026-06-29T13:33:21.632+07:00  WARN 22432 --- [autowash-backend] [           main] org.hibernate.mapping.RootClass          : HHH000038: Composite-id class does not override equals(): com.autowash.entity.BookingPromotion$BookingPromotionId
2026-06-29T13:33:21.632+07:00  WARN 22432 --- [autowash-backend] [           main] org.hibernate.mapping.RootClass          : HHH000039: Composite-id class does not override hashCode(): com.autowash.entity.BookingPromotion$BookingPromotionId
2026-06-29T13:33:22.089+07:00  INFO 22432 --- [autowash-backend] [           main] o.h.e.t.j.p.i.JtaPlatformInitiator       : HHH000489: No JTA platform available (set 'hibernate.transaction.jta.platform' to enable JTA platform integration)
2026-06-29T13:33:22.128+07:00  INFO 22432 --- [autowash-backend] [           main] j.LocalContainerEntityManagerFactoryBean : Initialized JPA EntityManagerFactory for persistence unit 'default'
2026-06-29T13:33:22.275+07:00  INFO 22432 --- [autowash-backend] [           main] o.s.d.j.r.query.QueryEnhancerFactory     : Hibernate is in classpath; If applicable, HQL parser will be used.
2026-06-29T13:33:22.601+07:00  INFO 22432 --- [autowash-backend] [           main] org.flywaydb.core.FlywayExecutor         : Database: jdbc:postgresql://localhost:5432/autowash (PostgreSQL 17.10)
2026-06-29T13:33:22.603+07:00  WARN 22432 --- [autowash-backend] [           main] o.f.c.internal.database.base.Database    : Flyway upgrade recommended: PostgreSQL 17.10 is newer than this version of Flyway and support has not been tested. The latest supported version of PostgreSQL is 16.
2026-06-29T13:33:22.605+07:00  INFO 22432 --- [autowash-backend] [           main] o.f.c.i.s.JdbcTableSchemaHistory         : Schema history table "public"."flyway_demo_history" does not exist yet
2026-06-29T13:33:22.605+07:00  INFO 22432 --- [autowash-backend] [           main] o.f.core.internal.command.DbValidate     : Successfully validated 2 migrations (execution time 00:00.001s)
2026-06-29T13:33:22.607+07:00  INFO 22432 --- [autowash-backend] [           main] o.f.c.i.s.JdbcTableSchemaHistory         : Creating Schema History table "public"."flyway_demo_history" with baseline ...
2026-06-29T13:33:22.613+07:00  INFO 22432 --- [autowash-backend] [           main] o.f.core.internal.command.DbBaseline     : Successfully baselined schema with version: 1
2026-06-29T13:33:22.615+07:00  INFO 22432 --- [autowash-backend] [           main] o.f.core.internal.command.DbMigrate      : Current version of schema "public": 1
2026-06-29T13:33:22.615+07:00  WARN 22432 --- [autowash-backend] [           main] o.f.core.internal.command.DbMigrate      : outOfOrder mode is active. Migration of schema "public" may not be reproducible.
2026-06-29T13:33:22.617+07:00  INFO 22432 --- [autowash-backend] [           main] o.f.core.internal.command.DbMigrate      : Migrating schema "public" to version "2 - add promotions notifications"
2026-06-29T13:33:22.621+07:00  INFO 22432 --- [autowash-backend] [           main] o.f.core.internal.command.DbMigrate      : Successfully applied 1 migration to schema "public", now at version v2 (execution time 00:00.002s)
2026-06-29T13:33:23.466+07:00  INFO 22432 --- [autowash-backend] [           main] r$InitializeUserDetailsManagerConfigurer : Global AuthenticationManager configured with UserDetailsService bean with name authUserDetailsService
2026-06-29T13:33:23.773+07:00  INFO 22432 --- [autowash-backend] [           main] o.s.b.w.embedded.tomcat.TomcatWebServer  : Tomcat started on port 8080 (http) with context path '/'
2026-06-29T13:33:23.780+07:00  INFO 22432 --- [autowash-backend] [           main] c.autowash.AutowashBackendApplication    : Started AutowashBackendApplication in 4.204 seconds (process running for 4.376)
2026-06-29T13:33:43.669+07:00  INFO 22432 --- [autowash-backend] [nio-8080-exec-1] o.a.c.c.C.[Tomcat].[localhost].[/]       : Initializing Spring DispatcherServlet 'dispatcherServlet'
2026-06-29T13:33:43.669+07:00  INFO 22432 --- [autowash-backend] [nio-8080-exec-1] o.s.web.servlet.DispatcherServlet        : Initializing Servlet 'dispatcherServlet'
2026-06-29T13:33:43.670+07:00  INFO 22432 --- [autowash-backend] [nio-8080-exec-1] o.s.web.servlet.DispatcherServlet        : Completed initialization in 1 ms
[INFO] ------------------------------------------------------------------------
[INFO] BUILD FAILURE
[INFO] ------------------------------------------------------------------------
[INFO] Total time:  01:58 min
[INFO] Finished at: 2026-06-29T13:35:16+07:00
[INFO] ------------------------------------------------------------------------
[ERROR] Failed to execute goal org.springframework.boot:spring-boot-maven-plugin:3.3.5:run (default-cli) on project autowash-backend: Process terminated with exit code: -1 -> [Help 1]
[ERROR] 
[ERROR] To see the full stack trace of the errors, re-run Maven with the -e switch.
[ERROR] Re-run Maven using the -X switch to enable full debug logging.
[ERROR] 
[ERROR] For more information about the errors and possible solutions, please read the following articles:
[ERROR] [Help 1] http://cwiki.apache.org/confluence/display/MAVEN/MojoExecutionException
